<?xml version="1.0" encoding="UTF-8"?>
<!-- Generated by org.testng.reporters.JUnitXMLReporter -->
<testsuite hostname="DESKTOP-2V7MRDA" ignored="0" name="Login Test Cases" tests="4" failures="0" timestamp="2022-06-02T17:32:12 IST" time="106.517" errors="0">
  <testcase name="loginWithCorrectUserNameAndCorrectPassword" time="34.334" classname="com.loginTestCases.BothCorrect"/>
  <testcase name="loginWithCorrectUserNameAndINCorrectPasswoed" time="24.545" classname="com.loginTestCases.BothIncorrect"/>
  <testcase name="loginWithCorrectPassword" time="23.565" classname="com.loginTestCases.CorrectPassword"/>
  <testcase name="loginWithCorrectUserName" time="24.0" classname="com.loginTestCases.CorrectUserName"/>
</testsuite> <!-- Login Test Cases -->
